2015-09-04 16:34:52,417 - [INFO] - from play in pool-4-thread-4 
Listening for HTTP on /0:0:0:0:0:0:0:0:9000

2015-09-04 16:35:24,530 - [INFO] - from play in play-internal-execution-context-1 
datasource [jdbc:h2:file:data/db;DB_CLOSE_DELAY=-1] bound to JNDI as DefaultDS

2015-09-04 16:35:24,724 - [INFO] - from play in play-internal-execution-context-1 
database [default] connected at jdbc:h2:file:data/db

2015-09-04 16:35:25,342 - [INFO] - from play in play-internal-execution-context-1 
Application started (Dev)

2015-09-04 16:35:28,750 - [INFO] - from application in play-akka.actor.default-dispatcher-9 
http://einstein.sv.cmu.edu:9034/climateService/getAllClimateServices/json

2015-09-04 16:35:31,301 - [INFO] - from application in play-akka.actor.default-dispatcher-2 
http://einstein.sv.cmu.edu:9034/dataset/getAllDatasets/json

2015-09-04 16:35:52,185 - [INFO] - from application in play-akka.actor.default-dispatcher-10 
http://einstein.sv.cmu.edu:9034/serviceExecutionLog/getAllServiceExecutionLog

2015-09-04 16:36:15,173 - [INFO] - from application in play-akka.actor.default-dispatcher-7 
http://einstein.sv.cmu.edu:9034/serviceExecutionLog/getServiceExecutionLog/5006

2015-09-04 16:36:15,190 - [INFO] - from application in play-akka.actor.default-dispatcher-7 
http://einstein.sv.cmu.edu:9034/serviceConfigurationItem/serviceConfigurationItemByServiceConfig/5006

2015-09-04 16:46:38,402 - [INFO] - from play in play-internal-execution-context-2 
datasource [jdbc:h2:file:data/db;DB_CLOSE_DELAY=-1] bound to JNDI as DefaultDS

2015-09-04 16:46:38,405 - [INFO] - from play in play-internal-execution-context-2 
database [default] connected at jdbc:h2:file:data/db

2015-09-04 16:46:38,736 - [INFO] - from play in play-internal-execution-context-2 
Application started (Dev)

2015-09-04 16:46:38,742 - [INFO] - from application in play-akka.actor.default-dispatcher-13 
http://einstein.sv.cmu.edu:9034/dataset/getAllDatasets/json

